current directory: /Users/zenalapp/Desktop/DiscovR/.vendor/bundle/ruby/3.0.0/gems/http_parser.rb-0.8.0/ext/ruby_http_parser
/usr/local/opt/ruby/bin/ruby -I /usr/local/Cellar/ruby/3.0.2_1/lib/ruby/3.0.0 -r ./siteconf20220422-27362-9af4ar.rb extconf.rb
creating Makefile

current directory: /Users/zenalapp/Desktop/DiscovR/.vendor/bundle/ruby/3.0.0/gems/http_parser.rb-0.8.0/ext/ruby_http_parser
make DESTDIR\= clean
make[1]: Entering directory '/Users/zenalapp/Desktop/DiscovR/.vendor/bundle/ruby/3.0.0/gems/http_parser.rb-0.8.0/ext/ruby_http_parser'
Makefile:175: warning: overriding recipe for target 'clean'
ÄŒ@*©:175: warning: ignoring old recipe for target 'clean'
Makefile:182: warning: overriding recipe for target 'distclean'
ÄŒ@*©:182: warning: ignoring old recipe for target 'distclean'
Makefile:190: warning: overriding recipe for target 'install-so'
ÄŒ@*©:190: warning: ignoring old recipe for target 'install-so'
Makefile:200: warning: overriding recipe for target 'pre-install-rb-default'
ÄŒ@*©:200: warning: ignoring old recipe for target 'pre-install-rb-default'
Makefile:202: warning: overriding recipe for target '.sitearchdir.time'
ÄŒ@*©:202: warning: ignoring old recipe for target '.sitearchdir.time'
Makefile:212: warning: overriding recipe for target '.cc.o'
ÄŒ@*©:212: warning: ignoring old recipe for target '.cc.o'
Makefile:216: warning: overriding recipe for target '.cc.S'
ÄŒ@*©:216: warning: ignoring old recipe for target '.cc.S'
Makefile:220: warning: overriding recipe for target '.mm.o'
ÄŒ@*©:220: warning: ignoring old recipe for target '.mm.o'
Makefile:224: warning: overriding recipe for target '.mm.S'
ÄŒ@*©:224: warning: ignoring old recipe for target '.mm.S'
Makefile:228: warning: overriding recipe for target '.cxx.o'
ÄŒ@*©:228: warning: ignoring old recipe for target '.cxx.o'
Makefile:232: warning: overriding recipe for target '.cxx.S'
ÄŒ@*©:232: warning: ignoring old recipe for target '.cxx.S'
Makefile:236: warning: overriding recipe for target '.cpp.o'
ÄŒ@*©:236: warning: ignoring old recipe for target '.cpp.o'
Makefile:240: warning: overriding recipe for target '.cpp.S'
ÄŒ@*©:240: warning: ignoring old recipe for target '.cpp.S'
Makefile:244: warning: overriding recipe for target '.c.o'
ÄŒ@*©:244: warning: ignoring old recipe for target '.c.o'
Makefile:248: warning: overriding recipe for target '.c.S'
ÄŒ@*©:248: warning: ignoring old recipe for target '.c.S'
Makefile:252: warning: overriding recipe for target '.m.o'
ÄŒ@*©:252: warning: ignoring old recipe for target '.m.o'
Makefile:256: warning: overriding recipe for target '.m.S'
ÄŒ@*©:256: warning: ignoring old recipe for target '.m.S'
Makefile:260: warning: overriding recipe for target 'ruby_http_parser.bundle'
ÄŒ@*©:260: warning: ignoring old recipe for target 'ruby_http_parser.bundle'
make[1]: Leaving directory '/Users/zenalapp/Desktop/DiscovR/.vendor/bundle/ruby/3.0.0/gems/http_parser.rb-0.8.0/ext/ruby_http_parser'

current directory: /Users/zenalapp/Desktop/DiscovR/.vendor/bundle/ruby/3.0.0/gems/http_parser.rb-0.8.0/ext/ruby_http_parser
make DESTDIR\=
make[1]: Entering directory '/Users/zenalapp/Desktop/DiscovR/.vendor/bundle/ruby/3.0.0/gems/http_parser.rb-0.8.0/ext/ruby_http_parser'
Makefile:175: warning: overriding recipe for target 'clean'
pû`êæ:175: warning: ignoring old recipe for target 'clean'
Makefile:182: warning: overriding recipe for target 'distclean'
pû`êæ:182: warning: ignoring old recipe for target 'distclean'
Makefile:190: warning: overriding recipe for target 'install-so'
pû`êæ:190: warning: ignoring old recipe for target 'install-so'
Makefile:200: warning: overriding recipe for target 'pre-install-rb-default'
pû`êæ:200: warning: ignoring old recipe for target 'pre-install-rb-default'
Makefile:202: warning: overriding recipe for target '.sitearchdir.time'
pû`êæ:202: warning: ignoring old recipe for target '.sitearchdir.time'
Makefile:212: warning: overriding recipe for target '.cc.o'
pû`êæ:212: warning: ignoring old recipe for target '.cc.o'
Makefile:216: warning: overriding recipe for target '.cc.S'
pû`êæ:216: warning: ignoring old recipe for target '.cc.S'
Makefile:220: warning: overriding recipe for target '.mm.o'
pû`êæ:220: warning: ignoring old recipe for target '.mm.o'
Makefile:224: warning: overriding recipe for target '.mm.S'
pû`êæ:224: warning: ignoring old recipe for target '.mm.S'
Makefile:228: warning: overriding recipe for target '.cxx.o'
pû`êæ:228: warning: ignoring old recipe for target '.cxx.o'
Makefile:232: warning: overriding recipe for target '.cxx.S'
pû`êæ:232: warning: ignoring old recipe for target '.cxx.S'
Makefile:236: warning: overriding recipe for target '.cpp.o'
pû`êæ:236: warning: ignoring old recipe for target '.cpp.o'
Makefile:240: warning: overriding recipe for target '.cpp.S'
pû`êæ:240: warning: ignoring old recipe for target '.cpp.S'
Makefile:244: warning: overriding recipe for target '.c.o'
pû`êæ:244: warning: ignoring old recipe for target '.c.o'
Makefile:248: warning: overriding recipe for target '.c.S'
pû`êæ:248: warning: ignoring old recipe for target '.c.S'
Makefile:252: warning: overriding recipe for target '.m.o'
pû`êæ:252: warning: ignoring old recipe for target '.m.o'
Makefile:256: warning: overriding recipe for target '.m.S'
pû`êæ:256: warning: ignoring old recipe for target '.m.S'
Makefile:260: warning: overriding recipe for target 'ruby_http_parser.bundle'
pû`êæ:260: warning: ignoring old recipe for target 'ruby_http_parser.bundle'
compiling ruby_http_parser.c
ruby_http_parser.c:365:17: warning: comparison of integers of different signs: 'size_t' (aka 'unsigned long') and 'long' [-Wsign-compare]
    if (nparsed < len)
        ~~~~~~~ ^ ~~~
1 warning generated.
compiling ryah_http_parser.c
linking shared-object ruby_http_parser.bundle
make[1]: Leaving directory '/Users/zenalapp/Desktop/DiscovR/.vendor/bundle/ruby/3.0.0/gems/http_parser.rb-0.8.0/ext/ruby_http_parser'

current directory: /Users/zenalapp/Desktop/DiscovR/.vendor/bundle/ruby/3.0.0/gems/http_parser.rb-0.8.0/ext/ruby_http_parser
make DESTDIR\= install
make[1]: Entering directory '/Users/zenalapp/Desktop/DiscovR/.vendor/bundle/ruby/3.0.0/gems/http_parser.rb-0.8.0/ext/ruby_http_parser'
Makefile:175: warning: overriding recipe for target 'clean'
ÄŒ¿3ˆ:175: warning: ignoring old recipe for target 'clean'
Makefile:182: warning: overriding recipe for target 'distclean'
ÄŒ¿3ˆ:182: warning: ignoring old recipe for target 'distclean'
Makefile:190: warning: overriding recipe for target 'install-so'
ÄŒ¿3ˆ:190: warning: ignoring old recipe for target 'install-so'
Makefile:200: warning: overriding recipe for target 'pre-install-rb-default'
ÄŒ¿3ˆ:200: warning: ignoring old recipe for target 'pre-install-rb-default'
Makefile:202: warning: overriding recipe for target '.sitearchdir.time'
ÄŒ¿3ˆ:202: warning: ignoring old recipe for target '.sitearchdir.time'
Makefile:212: warning: overriding recipe for target '.cc.o'
ÄŒ¿3ˆ:212: warning: ignoring old recipe for target '.cc.o'
Makefile:216: warning: overriding recipe for target '.cc.S'
ÄŒ¿3ˆ:216: warning: ignoring old recipe for target '.cc.S'
Makefile:220: warning: overriding recipe for target '.mm.o'
ÄŒ¿3ˆ:220: warning: ignoring old recipe for target '.mm.o'
Makefile:224: warning: overriding recipe for target '.mm.S'
ÄŒ¿3ˆ:224: warning: ignoring old recipe for target '.mm.S'
Makefile:228: warning: overriding recipe for target '.cxx.o'
ÄŒ¿3ˆ:228: warning: ignoring old recipe for target '.cxx.o'
Makefile:232: warning: overriding recipe for target '.cxx.S'
ÄŒ¿3ˆ:232: warning: ignoring old recipe for target '.cxx.S'
Makefile:236: warning: overriding recipe for target '.cpp.o'
ÄŒ¿3ˆ:236: warning: ignoring old recipe for target '.cpp.o'
Makefile:240: warning: overriding recipe for target '.cpp.S'
ÄŒ¿3ˆ:240: warning: ignoring old recipe for target '.cpp.S'
Makefile:244: warning: overriding recipe for target '.c.o'
ÄŒ¿3ˆ:244: warning: ignoring old recipe for target '.c.o'
Makefile:248: warning: overriding recipe for target '.c.S'
ÄŒ¿3ˆ:248: warning: ignoring old recipe for target '.c.S'
Makefile:252: warning: overriding recipe for target '.m.o'
ÄŒ¿3ˆ:252: warning: ignoring old recipe for target '.m.o'
Makefile:256: warning: overriding recipe for target '.m.S'
ÄŒ¿3ˆ:256: warning: ignoring old recipe for target '.m.S'
Makefile:260: warning: overriding recipe for target 'ruby_http_parser.bundle'
ÄŒ¿3ˆ:260: warning: ignoring old recipe for target 'ruby_http_parser.bundle'
/usr/bin/install -c -m 0755 ruby_http_parser.bundle ./.gem.20220422-27362-6pznkp
make[1]: Leaving directory '/Users/zenalapp/Desktop/DiscovR/.vendor/bundle/ruby/3.0.0/gems/http_parser.rb-0.8.0/ext/ruby_http_parser'
